This is pdfTeX, Version 3.141592653-2.6-1.40.28 (MiKTeX 25.12) (preloaded format=pdflatex 2026.1.13)  19 JAN 2026 15:44
entering extended mode
 restricted \write18 enabled.
 file:line:error style messages enabled.
 %&-line parsing enabled.
**c:/Users/m3.brzezinski/Desktop/inzynierka/main.tex
(c:/Users/m3.brzezinski/Desktop/inzynierka/main.tex
LaTeX2e <2025-11-01>
L3 programming layer <2025-12-24>
(C:\Users\m3.brzezinski\AppData\Local\Programs\MiKTeX\tex/latex/base\report.cls
Document Class: report 2025/01/22 v1.4n Standard LaTeX document class
(C:\Users\m3.brzezinski\AppData\Local\Programs\MiKTeX\tex/latex/base\size12.clo
File: size12.clo 2025/01/22 v1.4n Standard LaTeX file (size option)
)
\c@part=\count275
\c@chapter=\count276
\c@section=\count277
\c@subsection=\count278
\c@subsubsection=\count279
\c@paragraph=\count280
\c@subparagraph=\count281
\c@figure=\count282
\c@table=\count283
\abovecaptionskip=\skip49
\belowcaptionskip=\skip50
\bibindent=\dimen148
) (C:\Users\m3.brzezinski\AppData\Local\Programs\MiKTeX\tex/latex/base\fontenc.sty
Package: fontenc 2025/07/18 v2.1d Standard LaTeX package
) (C:\Users\m3.brzezinski\AppData\Local\Programs\MiKTeX\tex/latex/base\inputenc.sty
Package: inputenc 2024/02/08 v1.3d Input encoding file
\inpenc@prehook=\toks17
\inpenc@posthook=\toks18
) (C:\Users\m3.brzezinski\AppData\Local\Programs\MiKTeX\tex/generic/babel\babel.sty
Package: babel 2025/12/11 v25.17 The multilingual framework for LuaLaTeX, pdfLaTeX and XeLaTeX
\babel@savecnt=\count284
LaTeX Encoding Info:    Redeclaring text command \ij (encoding OT1) on input line 2068.
LaTeX Encoding Info:    Redeclaring text command \IJ (encoding OT1) on input line 2070.
LaTeX Encoding Info:    Redeclaring text command \ij (encoding T1) on input line 2072.
LaTeX Encoding Info:    Redeclaring text command \IJ (encoding T1) on input line 2073.
LaTeX Encoding Info:    Ignoring declaration for text command \ij (encoding ?) on input line 2074.
LaTeX Encoding Info:    Ignoring declaration for text command \IJ (encoding ?) on input line 2076.
LaTeX Encoding Info:    Ignoring declaration for text command \SS (encoding ?) on input line 2101.
\U@D=\dimen149
\l@unhyphenated=\language79
 (C:\Users\m3.brzezinski\AppData\Local\Programs\MiKTeX\tex/generic/babel\txtbabel.def)
\bbl@readstream=\read2
\bbl@dirlevel=\count285
Package babel Info: Configuration files are deprecated, as
(babel)             they can break document portability.
(babel)             Reported on input line 4196.

*************************************
* Local config file bblopts.cfg used
*
(C:\Users\m3.brzezinski\AppData\Local\Programs\MiKTeX\tex/latex/arabi\bblopts.cfg
File: bblopts.cfg 2005/09/08 v0.1 add Arabic and Farsi to "declared" options of babel
) (C:\Users\m3.brzezinski\AppData\Local\Programs\MiKTeX\tex/generic/babel/locale/pl\babel-polish.tex)
Package babel Info: Importing font and identification data for polish
(babel)             from babel-pl.ini. Reported on input line 4320.
 (C:\Users\m3.brzezinski\AppData\Local\Programs\MiKTeX\tex/latex/babel-polish\polish.ldf
Language: polish 2022/03/12 1.3 Babel support for Polish
Package babel Info: Making " an active character on input line 101.
)) (C:\Users\m3.brzezinski\AppData\Local\Programs\MiKTeX\tex/latex/graphics\graphicx.sty
Package: graphicx 2024/12/31 v1.2e Enhanced LaTeX Graphics (DPC,SPQR)
 (C:\Users\m3.brzezinski\AppData\Local\Programs\MiKTeX\tex/latex/graphics\keyval.sty
Package: keyval 2022/05/29 v1.15 key=value parser (DPC)
\KV@toks@=\toks19
) (C:\Users\m3.brzezinski\AppData\Local\Programs\MiKTeX\tex/latex/graphics\graphics.sty
Package: graphics 2024/08/06 v1.4g Standard LaTeX Graphics (DPC,SPQR)
 (C:\Users\m3.brzezinski\AppData\Local\Programs\MiKTeX\tex/latex/graphics\trig.sty
Package: trig 2023/12/02 v1.11 sin cos tan (DPC)
) (C:\Users\m3.brzezinski\AppData\Local\Programs\MiKTeX\tex/latex/graphics-cfg\graphics.cfg
File: graphics.cfg 2016/06/04 v1.11 sample graphics configuration
)
Package graphics Info: Driver file: pdftex.def on input line 106.
 (C:\Users\m3.brzezinski\AppData\Local\Programs\MiKTeX\tex/latex/graphics-def\pdftex.def
File: pdftex.def 2025/09/29 v1.2d Graphics/color driver for pdftex
))
\Gin@req@height=\dimen150
\Gin@req@width=\dimen151
) (C:\Users\m3.brzezinski\AppData\Local\Programs\MiKTeX\tex/latex/float\float.sty
Package: float 2001/11/08 v1.3d Float enhancements (AL)
\c@float@type=\count286
\float@exts=\toks20
\float@box=\box53
\@float@everytoks=\toks21
\@floatcapt=\box54
) (C:\Users\m3.brzezinski\AppData\Local\Programs\MiKTeX\tex/latex/caption\caption.sty
Package: caption 2023/08/05 v3.6o Customizing captions (AR)
 (C:\Users\m3.brzezinski\AppData\Local\Programs\MiKTeX\tex/latex/caption\caption3.sty
Package: caption3 2023/07/31 v2.4d caption3 kernel (AR)
\caption@tempdima=\dimen152
\captionmargin=\dimen153
\caption@leftmargin=\dimen154
\caption@rightmargin=\dimen155
\caption@width=\dimen156
\caption@indent=\dimen157
\caption@parindent=\dimen158
\caption@hangindent=\dimen159
Package caption Info: Standard document class detected.
)
\c@caption@flags=\count287
\c@continuedfloat=\count288
Package caption Info: float package is loaded.
) (C:\Users\m3.brzezinski\AppData\Local\Programs\MiKTeX\tex/latex/adjustbox\adjustbox.sty
Package: adjustbox 2025/02/26 v1.3c Adjusting TeX boxes (trim, clip, ...)
 (C:\Users\m3.brzezinski\AppData\Local\Programs\MiKTeX\tex/latex/xkeyval\xkeyval.sty
Package: xkeyval 2022/06/16 v2.9 package option processing (HA)
 (C:\Users\m3.brzezinski\AppData\Local\Programs\MiKTeX\tex/generic/xkeyval\xkeyval.tex (C:\Users\m3.brzezinski\AppData\Local\Programs\MiKTeX\tex/generic/xkeyval\xkvutils.tex
\XKV@toks=\toks22
\XKV@tempa@toks=\toks23
)
\XKV@depth=\count289
File: xkeyval.tex 2014/12/03 v2.7a key=value parser (HA)
)) (C:\Users\m3.brzezinski\AppData\Local\Programs\MiKTeX\tex/latex/adjustbox\adjcalc.sty
Package: adjcalc 2012/05/16 v1.1 Provides advanced setlength with multiple back-ends (calc, etex, pgfmath)
) (C:\Users\m3.brzezinski\AppData\Local\Programs\MiKTeX\tex/latex/adjustbox\trimclip.sty
Package: trimclip 2025/02/21 v1.2a Trim and clip general TeX material
 (C:\Users\m3.brzezinski\AppData\Local\Programs\MiKTeX\tex/latex/collectbox\collectbox.sty
Package: collectbox 2022/10/17 v0.4c Collect macro arguments as boxes
\collectedbox=\box55
)
\tc@llx=\dimen160
\tc@lly=\dimen161
\tc@urx=\dimen162
\tc@ury=\dimen163
Package trimclip Info: Using driver 'tc-pdftex.def'.
 (C:\Users\m3.brzezinski\AppData\Local\Programs\MiKTeX\tex/latex/adjustbox\tc-pdftex.def
File: tc-pdftex.def 2025/02/26 v2.3 Clipping driver for pdftex
))
\adjbox@Width=\dimen164
\adjbox@Height=\dimen165
\adjbox@Depth=\dimen166
\adjbox@Totalheight=\dimen167
\adjbox@pwidth=\dimen168
\adjbox@pheight=\dimen169
\adjbox@pdepth=\dimen170
\adjbox@ptotalheight=\dimen171
 (C:\Users\m3.brzezinski\AppData\Local\Programs\MiKTeX\tex/latex/ifoddpage\ifoddpage.sty
Package: ifoddpage 2022/10/18 v1.2 Conditionals for odd/even page detection
\c@checkoddpage=\count290
) (C:\Users\m3.brzezinski\AppData\Local\Programs\MiKTeX\tex/latex/varwidth\varwidth.sty
Package: varwidth 2009/03/30 ver 0.92;  Variable-width minipages
\@vwid@box=\box56
\sift@deathcycles=\count291
\@vwid@loff=\dimen172
\@vwid@roff=\dimen173
)
==> First Aid for varwidth.sty applied!
) (C:\Users\m3.brzezinski\AppData\Local\Programs\MiKTeX\tex/latex/hyperref\hyperref.sty
Package: hyperref 2025-07-12 v7.01o Hypertext links for LaTeX
 (C:\Users\m3.brzezinski\AppData\Local\Programs\MiKTeX\tex/generic/iftex\iftex.sty
Package: iftex 2024/12/12 v1.0g TeX engine tests
) (C:\Users\m3.brzezinski\AppData\Local\Programs\MiKTeX\tex/latex/kvsetkeys\kvsetkeys.sty
Package: kvsetkeys 2022-10-05 v1.19 Key value parser (HO)
) (C:\Users\m3.brzezinski\AppData\Local\Programs\MiKTeX\tex/generic/kvdefinekeys\kvdefinekeys.sty
Package: kvdefinekeys 2019-12-19 v1.6 Define keys (HO)
) (C:\Users\m3.brzezinski\AppData\Local\Programs\MiKTeX\tex/generic/pdfescape\pdfescape.sty
Package: pdfescape 2019/12/09 v1.15 Implements pdfTeX's escape features (HO)
 (C:\Users\m3.brzezinski\AppData\Local\Programs\MiKTeX\tex/generic/ltxcmds\ltxcmds.sty
Package: ltxcmds 2023-12-04 v1.26 LaTeX kernel commands for general use (HO)
) (C:\Users\m3.brzezinski\AppData\Local\Programs\MiKTeX\tex/generic/pdftexcmds\pdftexcmds.sty
Package: pdftexcmds 2020-06-27 v0.33 Utility functions of pdfTeX for LuaTeX (HO)
 (C:\Users\m3.brzezinski\AppData\Local\Programs\MiKTeX\tex/generic/infwarerr\infwarerr.sty
Package: infwarerr 2019/12/03 v1.5 Providing info/warning/error messages (HO)
)
Package pdftexcmds Info: \pdf@primitive is available.
Package pdftexcmds Info: \pdf@ifprimitive is available.
Package pdftexcmds Info: \pdfdraftmode found.
)) (C:\Users\m3.brzezinski\AppData\Local\Programs\MiKTeX\tex/latex/hycolor\hycolor.sty
Package: hycolor 2020-01-27 v1.10 Color options for hyperref/bookmark (HO)
) (C:\Users\m3.brzezinski\AppData\Local\Programs\MiKTeX\tex/latex/hyperref\nameref.sty
Package: nameref 2025-06-21 v2.57 Cross-referencing by name of section
 (C:\Users\m3.brzezinski\AppData\Local\Programs\MiKTeX\tex/latex/refcount\refcount.sty
Package: refcount 2019/12/15 v3.6 Data extraction from label references (HO)
) (C:\Users\m3.brzezinski\AppData\Local\Programs\MiKTeX\tex/generic/gettitlestring\gettitlestring.sty
Package: gettitlestring 2019/12/15 v1.6 Cleanup title references (HO)
 (C:\Users\m3.brzezinski\AppData\Local\Programs\MiKTeX\tex/latex/kvoptions\kvoptions.sty
Package: kvoptions 2022-06-15 v3.15 Key value format for package options (HO)
))
\c@section@level=\count292
) (C:\Users\m3.brzezinski\AppData\Local\Programs\MiKTeX\tex/latex/etoolbox\etoolbox.sty
Package: etoolbox 2025/10/02 v2.5m e-TeX tools for LaTeX (JAW)
\etb@tempcnta=\count293
) (C:\Users\m3.brzezinski\AppData\Local\Programs\MiKTeX\tex/generic/stringenc\stringenc.sty
Package: stringenc 2019/11/29 v1.12 Convert strings between diff. encodings (HO)
)
\@linkdim=\dimen174
\Hy@linkcounter=\count294
\Hy@pagecounter=\count295
 (C:\Users\m3.brzezinski\AppData\Local\Programs\MiKTeX\tex/latex/hyperref\pd1enc.def
File: pd1enc.def 2025-07-12 v7.01o Hyperref: PDFDocEncoding definition (HO)
Now handling font encoding PD1 ...
... no UTF-8 mapping file for font encoding PD1
) (C:\Users\m3.brzezinski\AppData\Local\Programs\MiKTeX\tex/generic/intcalc\intcalc.sty
Package: intcalc 2019/12/15 v1.3 Expandable calculations with integers (HO)
)
\Hy@SavedSpaceFactor=\count296
 (C:\Users\m3.brzezinski\AppData\Local\Programs\MiKTeX\tex/latex/hyperref\puenc.def
File: puenc.def 2025-07-12 v7.01o Hyperref: PDF Unicode definition (HO)
Now handling font encoding PU ...
... no UTF-8 mapping file for font encoding PU
)
Package hyperref Info: Hyper figures OFF on input line 4195.
Package hyperref Info: Link nesting OFF on input line 4200.
Package hyperref Info: Hyper index ON on input line 4203.
Package hyperref Info: Plain pages OFF on input line 4210.
Package hyperref Info: Backreferencing OFF on input line 4215.
Package hyperref Info: Implicit mode ON; LaTeX internals redefined.
Package hyperref Info: Bookmarks ON on input line 4462.
\c@Hy@tempcnt=\count297
 (C:\Users\m3.brzezinski\AppData\Local\Programs\MiKTeX\tex/latex/url\url.sty
\Urlmuskip=\muskip17
Package: url 2013/09/16  ver 3.4  Verb mode for urls, etc.
)
LaTeX Info: Redefining \url on input line 4801.
\XeTeXLinkMargin=\dimen175
 (C:\Users\m3.brzezinski\AppData\Local\Programs\MiKTeX\tex/generic/bitset\bitset.sty
Package: bitset 2019/12/09 v1.3 Handle bit-vector datatype (HO)
 (C:\Users\m3.brzezinski\AppData\Local\Programs\MiKTeX\tex/generic/bigintcalc\bigintcalc.sty
Package: bigintcalc 2019/12/15 v1.5 Expandable calculations on big integers (HO)
))
\Fld@menulength=\count298
\Field@Width=\dimen176
\Fld@charsize=\dimen177
Package hyperref Info: Hyper figures OFF on input line 6078.
Package hyperref Info: Link nesting OFF on input line 6083.
Package hyperref Info: Hyper index ON on input line 6086.
Package hyperref Info: backreferencing OFF on input line 6093.
Package hyperref Info: Link coloring OFF on input line 6098.
Package hyperref Info: Link coloring with OCG OFF on input line 6103.
Package hyperref Info: PDF/A mode OFF on input line 6108.
\Hy@abspage=\count299
\c@Item=\count300
\c@Hfootnote=\count301
)
Package hyperref Info: Driver (autodetected): hpdftex.
 (C:\Users\m3.brzezinski\AppData\Local\Programs\MiKTeX\tex/latex/hyperref\hpdftex.def
File: hpdftex.def 2025-07-12 v7.01o Hyperref driver for pdfTeX
\Fld@listcount=\count302
\c@bookmark@seq@number=\count303
 (C:\Users\m3.brzezinski\AppData\Local\Programs\MiKTeX\tex/latex/rerunfilecheck\rerunfilecheck.sty
Package: rerunfilecheck 2025-06-21 v1.11 Rerun checks for auxiliary files (HO)
 (C:\Users\m3.brzezinski\AppData\Local\Programs\MiKTeX\tex/generic/uniquecounter\uniquecounter.sty
Package: uniquecounter 2019/12/15 v1.4 Provide unlimited unique counter (HO)
)
Package uniquecounter Info: New unique counter `rerunfilecheck' on input line 284.
)
\Hy@SectionHShift=\skip51
) (C:\Users\m3.brzezinski\AppData\Local\Programs\MiKTeX\tex/latex/l3backend\l3backend-pdftex.def
File: l3backend-pdftex.def 2025-10-09 L3 backend support: PDF output (pdfTeX)
\l__color_backend_stack_int=\count304
) (main.aux
Package babel Info: 'polish' activates 'polish' shorthands.
(babel)             Reported on input line 9.
)
\openout1 = `main.aux'.

LaTeX Font Info:    Checking defaults for OML/cmm/m/it on input line 17.
LaTeX Font Info:    ... okay on input line 17.
LaTeX Font Info:    Checking defaults for OMS/cmsy/m/n on input line 17.
LaTeX Font Info:    ... okay on input line 17.
LaTeX Font Info:    Checking defaults for OT1/cmr/m/n on input line 17.
LaTeX Font Info:    ... okay on input line 17.
LaTeX Font Info:    Checking defaults for T1/cmr/m/n on input line 17.
LaTeX Font Info:    ... okay on input line 17.
LaTeX Font Info:    Checking defaults for TS1/cmr/m/n on input line 17.
LaTeX Font Info:    ... okay on input line 17.
LaTeX Font Info:    Checking defaults for OMX/cmex/m/n on input line 17.
LaTeX Font Info:    ... okay on input line 17.
LaTeX Font Info:    Checking defaults for U/cmr/m/n on input line 17.
LaTeX Font Info:    ... okay on input line 17.
LaTeX Font Info:    Checking defaults for PD1/pdf/m/n on input line 17.
LaTeX Font Info:    ... okay on input line 17.
LaTeX Font Info:    Checking defaults for PU/pdf/m/n on input line 17.
LaTeX Font Info:    ... okay on input line 17.
 (C:\Users\m3.brzezinski\AppData\Local\Programs\MiKTeX\tex/context/base/mkii\supp-pdf.mkii
[Loading MPS to PDF converter (version 2006.09.02).]
\scratchcounter=\count305
\scratchdimen=\dimen178
\scratchbox=\box57
\nofMPsegments=\count306
\nofMParguments=\count307
\everyMPshowfont=\toks24
\MPscratchCnt=\count308
\MPscratchDim=\dimen179
\MPnumerator=\count309
\makeMPintoPDFobject=\count310
\everyMPtoPDFconversion=\toks25
) (C:\Users\m3.brzezinski\AppData\Local\Programs\MiKTeX\tex/latex/epstopdf-pkg\epstopdf-base.sty
Package: epstopdf-base 2020-01-24 v2.11 Base part for package epstopdf
Package epstopdf-base Info: Redefining graphics rule for `.eps' on input line 485.
 (C:\Users\m3.brzezinski\AppData\Local\Programs\MiKTeX\tex/latex/00miktex\epstopdf-sys.cfg
File: epstopdf-sys.cfg 2021/03/18 v2.0 Configuration of epstopdf for MiKTeX
))
Package caption Info: Begin \AtBeginDocument code.
Package caption Info: hyperref package is loaded.
Package caption Info: End \AtBeginDocument code.
Package hyperref Info: Link coloring OFF on input line 17.
 (main.out) (main.out)
\@outlinefile=\write3
\openout3 = `main.out'.

LaTeX Font Info:    External font `cmex10' loaded for size
(Font)              <14.4> on input line 20.
LaTeX Font Info:    External font `cmex10' loaded for size
(Font)              <7> on input line 20.
 [1

{C:/Users/m3.brzezinski/AppData/Local/MiKTeX/fonts/map/pdftex/pdftex.map}] (main.toc
LaTeX Font Info:    External font `cmex10' loaded for size
(Font)              <12> on input line 2.
LaTeX Font Info:    External font `cmex10' loaded for size
(Font)              <8> on input line 2.
LaTeX Font Info:    External font `cmex10' loaded for size
(Font)              <6> on input line 2.

pdfTeX warning (ext4): destination with the same identifier (name{page.1}) has been already used, duplicate ignored
<to be read again> 
                   \relax 
l.30 ...numberline {6}ZaÅ‚Ä…czniki}{47}{chapter.6}
                                                  % [1

])
\tf@toc=\write4
\openout4 = `main.toc'.

 [2] (streszcz.tex) [3

]
Rozdzia\l  1.
(wstep/opis.tex) [4

]
Rozdzia\l  2.
(algos/Adagrad/explain.tex
Overfull \hbox (0.95288pt too wide) in paragraph at lines 4--5
[]\T1/cmr/m/n/12 Dynamicznie zmie-nia-j¡cy si¦ wspóª-czyn-nik ucze-nia po-zwala pªyn-niej prze-
 []

<algos/Adagrad/Adagrad_wander.png, id=175, 494.84875pt x 330.23375pt>
File: algos/Adagrad/Adagrad_wander.png Graphic file (type png)
<use algos/Adagrad/Adagrad_wander.png>
Package pdftex.def Info: algos/Adagrad/Adagrad_wander.png  used on input line 8.
(pdftex.def)             Requested size: 390.0pt x 260.262pt.
[5

]) (algos/Adam/explain.tex
Overfull \hbox (0.65733pt too wide) in paragraph at lines 6--7
\T1/cmr/m/n/12 kro-ków, oraz ±red-nia wa-»ona kwa-dra-tów gra-dien-tów (druga chwila gra-dientu),
 []

[6 <./algos/Adagrad/Adagrad_wander.png (PNG copy)>]) (algos/BFGS/explain.tex) (algos/CMAES/explain.tex
<algos/CMAES/range.png, id=194, 501.875pt x 332.24126pt>
File: algos/CMAES/range.png Graphic file (type png)
<use algos/CMAES/range.png>
Package pdftex.def Info: algos/CMAES/range.png  used on input line 7.
(pdftex.def)             Requested size: 312.00119pt x 206.55524pt.
) [7] (algos/NL-SHADE/explain.tex [8 <./algos/CMAES/range.png (PNG copy)>]) [9]
Rozdzia\l  3.
(wstep/met_test.tex) (met_an/cec/teoria.tex) (met_an/cec/implem.tex [10

]) (met_an/net/teoria.tex) (met_an/net/implem.tex
<met_an//net/placeholder.png, id=214, 3066.45625pt x 2407.99625pt>
File: met_an//net/placeholder.png Graphic file (type png)
<use met_an//net/placeholder.png>
Package pdftex.def Info: met_an//net/placeholder.png  used on input line 7.
(pdftex.def)             Requested size: 390.0pt x 306.25304pt.
 [11]
Overfull \hbox (4.28133pt too wide) in paragraph at lines 22--23
[]\T1/cmr/m/n/12 Dla al-go-ryt-mów glo-bal-nych pro-blem ma wy-mia-ro-wo±¢ równ¡ su-mie wszyst-
 []

[12 <./met_an//net/placeholder.png>]) [13]
Rozdzia\l  4.
[14

] (met_an/cec/wyniki.tex
<met_an//cec//funkcje/F12013.png, id=235, 722.7pt x 722.7pt>
File: met_an//cec//funkcje/F12013.png Graphic file (type png)
<use met_an//cec//funkcje/F12013.png>
Package pdftex.def Info: met_an//cec//funkcje/F12013.png  used on input line 5.
(pdftex.def)             Requested size: 195.0pt x 194.99927pt.
<met_an//cec//funkcje/F12013_rec.png, id=236, 1445.4pt x 867.24pt>
File: met_an//cec//funkcje/F12013_rec.png Graphic file (type png)
<use met_an//cec//funkcje/F12013_rec.png>
Package pdftex.def Info: met_an//cec//funkcje/F12013_rec.png  used on input line 10.
(pdftex.def)             Requested size: 585.0pt x 350.9921pt.
<met_an//cec//funkcje/F22013.png, id=237, 722.7pt x 722.7pt>
File: met_an//cec//funkcje/F22013.png Graphic file (type png)
<use met_an//cec//funkcje/F22013.png>
Package pdftex.def Info: met_an//cec//funkcje/F22013.png  used on input line 17.
(pdftex.def)             Requested size: 195.0pt x 194.99927pt.
 [15 <./met_an//cec//funkcje/F12013.png> <./met_an//cec//funkcje/F12013_rec.png>]
<met_an//cec//funkcje/F22013_rec.png, id=246, 1445.4pt x 867.24pt>
File: met_an//cec//funkcje/F22013_rec.png Graphic file (type png)
<use met_an//cec//funkcje/F22013_rec.png>
Package pdftex.def Info: met_an//cec//funkcje/F22013_rec.png  used on input line 22.
(pdftex.def)             Requested size: 585.0pt x 350.9921pt.
<met_an//cec//funkcje/F32013.png, id=247, 722.7pt x 722.7pt>
File: met_an//cec//funkcje/F32013.png Graphic file (type png)
<use met_an//cec//funkcje/F32013.png>
Package pdftex.def Info: met_an//cec//funkcje/F32013.png  used on input line 29.
(pdftex.def)             Requested size: 195.0pt x 194.99927pt.
 [16 <./met_an//cec//funkcje/F22013.png> <./met_an//cec//funkcje/F22013_rec.png>]
<met_an//cec//funkcje/F32013_rec.png, id=256, 1445.4pt x 867.24pt>
File: met_an//cec//funkcje/F32013_rec.png Graphic file (type png)
<use met_an//cec//funkcje/F32013_rec.png>
Package pdftex.def Info: met_an//cec//funkcje/F32013_rec.png  used on input line 34.
(pdftex.def)             Requested size: 585.0pt x 350.9921pt.
<met_an//cec//funkcje/F42013.png, id=257, 722.7pt x 722.7pt>
File: met_an//cec//funkcje/F42013.png Graphic file (type png)
<use met_an//cec//funkcje/F42013.png>
Package pdftex.def Info: met_an//cec//funkcje/F42013.png  used on input line 41.
(pdftex.def)             Requested size: 195.0pt x 194.99927pt.
 [17 <./met_an//cec//funkcje/F32013.png> <./met_an//cec//funkcje/F32013_rec.png>]
<met_an//cec//funkcje/F42013_rec.png, id=266, 1445.4pt x 867.24pt>
File: met_an//cec//funkcje/F42013_rec.png Graphic file (type png)
<use met_an//cec//funkcje/F42013_rec.png>
Package pdftex.def Info: met_an//cec//funkcje/F42013_rec.png  used on input line 46.
(pdftex.def)             Requested size: 585.0pt x 350.9921pt.
<met_an//cec//funkcje/F52013.png, id=267, 722.7pt x 722.7pt>
File: met_an//cec//funkcje/F52013.png Graphic file (type png)
<use met_an//cec//funkcje/F52013.png>
Package pdftex.def Info: met_an//cec//funkcje/F52013.png  used on input line 53.
(pdftex.def)             Requested size: 195.0pt x 194.99927pt.
 [18 <./met_an//cec//funkcje/F42013.png> <./met_an//cec//funkcje/F42013_rec.png>]
<met_an//cec//funkcje/F52013_rec.png, id=277, 1445.4pt x 867.24pt>
File: met_an//cec//funkcje/F52013_rec.png Graphic file (type png)
<use met_an//cec//funkcje/F52013_rec.png>
Package pdftex.def Info: met_an//cec//funkcje/F52013_rec.png  used on input line 58.
(pdftex.def)             Requested size: 585.0pt x 350.9921pt.
<met_an//cec//funkcje/F62013.png, id=278, 722.7pt x 722.7pt>
File: met_an//cec//funkcje/F62013.png Graphic file (type png)
<use met_an//cec//funkcje/F62013.png>
Package pdftex.def Info: met_an//cec//funkcje/F62013.png  used on input line 65.
(pdftex.def)             Requested size: 195.0pt x 194.99927pt.
 [19 <./met_an//cec//funkcje/F52013.png> <./met_an//cec//funkcje/F52013_rec.png>]
<met_an//cec//funkcje/F62013_rec.png, id=287, 1445.4pt x 867.24pt>
File: met_an//cec//funkcje/F62013_rec.png Graphic file (type png)
<use met_an//cec//funkcje/F62013_rec.png>
Package pdftex.def Info: met_an//cec//funkcje/F62013_rec.png  used on input line 70.
(pdftex.def)             Requested size: 585.0pt x 350.9921pt.
<met_an//cec//funkcje/F72013.png, id=288, 722.7pt x 722.7pt>
File: met_an//cec//funkcje/F72013.png Graphic file (type png)
<use met_an//cec//funkcje/F72013.png>
Package pdftex.def Info: met_an//cec//funkcje/F72013.png  used on input line 77.
(pdftex.def)             Requested size: 195.0pt x 194.99927pt.
 [20 <./met_an//cec//funkcje/F62013.png> <./met_an//cec//funkcje/F62013_rec.png>]
<met_an//cec//funkcje/F72013_rec.png, id=297, 1445.4pt x 867.24pt>
File: met_an//cec//funkcje/F72013_rec.png Graphic file (type png)
<use met_an//cec//funkcje/F72013_rec.png>
Package pdftex.def Info: met_an//cec//funkcje/F72013_rec.png  used on input line 82.
(pdftex.def)             Requested size: 585.0pt x 350.9921pt.
<met_an//cec//funkcje/F82013.png, id=298, 722.7pt x 722.7pt>
File: met_an//cec//funkcje/F82013.png Graphic file (type png)
<use met_an//cec//funkcje/F82013.png>
Package pdftex.def Info: met_an//cec//funkcje/F82013.png  used on input line 89.
(pdftex.def)             Requested size: 195.0pt x 194.99927pt.
 [21 <./met_an//cec//funkcje/F72013.png> <./met_an//cec//funkcje/F72013_rec.png>]
<met_an//cec//funkcje/F82013_rec.png, id=307, 1445.4pt x 867.24pt>
File: met_an//cec//funkcje/F82013_rec.png Graphic file (type png)
<use met_an//cec//funkcje/F82013_rec.png>
Package pdftex.def Info: met_an//cec//funkcje/F82013_rec.png  used on input line 94.
(pdftex.def)             Requested size: 585.0pt x 350.9921pt.
<met_an//cec//funkcje/F92013.png, id=308, 722.7pt x 722.7pt>
File: met_an//cec//funkcje/F92013.png Graphic file (type png)
<use met_an//cec//funkcje/F92013.png>
Package pdftex.def Info: met_an//cec//funkcje/F92013.png  used on input line 101.
(pdftex.def)             Requested size: 195.0pt x 194.99927pt.
 [22 <./met_an//cec//funkcje/F82013.png> <./met_an//cec//funkcje/F82013_rec.png>]
<met_an//cec//funkcje/F92013_rec.png, id=317, 1445.4pt x 867.24pt>
File: met_an//cec//funkcje/F92013_rec.png Graphic file (type png)
<use met_an//cec//funkcje/F92013_rec.png>
Package pdftex.def Info: met_an//cec//funkcje/F92013_rec.png  used on input line 106.
(pdftex.def)             Requested size: 585.0pt x 350.9921pt.
<met_an//cec//funkcje/F102013.png, id=318, 722.7pt x 722.7pt>
File: met_an//cec//funkcje/F102013.png Graphic file (type png)
<use met_an//cec//funkcje/F102013.png>
Package pdftex.def Info: met_an//cec//funkcje/F102013.png  used on input line 113.
(pdftex.def)             Requested size: 195.0pt x 194.99927pt.
 [23 <./met_an//cec//funkcje/F92013.png> <./met_an//cec//funkcje/F92013_rec.png>]
<met_an//cec//funkcje/F102013_rec.png, id=327, 1445.4pt x 867.24pt>
File: met_an//cec//funkcje/F102013_rec.png Graphic file (type png)
<use met_an//cec//funkcje/F102013_rec.png>
Package pdftex.def Info: met_an//cec//funkcje/F102013_rec.png  used on input line 118.
(pdftex.def)             Requested size: 585.0pt x 350.9921pt.
<met_an//cec//funkcje/F112013.png, id=328, 722.7pt x 722.7pt>
File: met_an//cec//funkcje/F112013.png Graphic file (type png)
<use met_an//cec//funkcje/F112013.png>
Package pdftex.def Info: met_an//cec//funkcje/F112013.png  used on input line 125.
(pdftex.def)             Requested size: 195.0pt x 194.99927pt.
 [24 <./met_an//cec//funkcje/F102013.png> <./met_an//cec//funkcje/F102013_rec.png>]
<met_an//cec//funkcje/F112013_rec.png, id=338, 1445.4pt x 867.24pt>
File: met_an//cec//funkcje/F112013_rec.png Graphic file (type png)
<use met_an//cec//funkcje/F112013_rec.png>
Package pdftex.def Info: met_an//cec//funkcje/F112013_rec.png  used on input line 130.
(pdftex.def)             Requested size: 585.0pt x 350.9921pt.
<met_an//cec//funkcje/F122013.png, id=339, 722.7pt x 722.7pt>
File: met_an//cec//funkcje/F122013.png Graphic file (type png)
<use met_an//cec//funkcje/F122013.png>
Package pdftex.def Info: met_an//cec//funkcje/F122013.png  used on input line 137.
(pdftex.def)             Requested size: 195.0pt x 194.99927pt.
 [25 <./met_an//cec//funkcje/F112013.png> <./met_an//cec//funkcje/F112013_rec.png>]
<met_an//cec//funkcje/F122013_rec.png, id=348, 1445.4pt x 867.24pt>
File: met_an//cec//funkcje/F122013_rec.png Graphic file (type png)
<use met_an//cec//funkcje/F122013_rec.png>
Package pdftex.def Info: met_an//cec//funkcje/F122013_rec.png  used on input line 142.
(pdftex.def)             Requested size: 585.0pt x 350.9921pt.
<met_an//cec//funkcje/F132013.png, id=349, 722.7pt x 722.7pt>
File: met_an//cec//funkcje/F132013.png Graphic file (type png)
<use met_an//cec//funkcje/F132013.png>
Package pdftex.def Info: met_an//cec//funkcje/F132013.png  used on input line 149.
(pdftex.def)             Requested size: 195.0pt x 194.99927pt.
 [26 <./met_an//cec//funkcje/F122013.png> <./met_an//cec//funkcje/F122013_rec.png>]
<met_an//cec//funkcje/F132013_rec.png, id=358, 1445.4pt x 867.24pt>
File: met_an//cec//funkcje/F132013_rec.png Graphic file (type png)
<use met_an//cec//funkcje/F132013_rec.png>
Package pdftex.def Info: met_an//cec//funkcje/F132013_rec.png  used on input line 154.
(pdftex.def)             Requested size: 585.0pt x 350.9921pt.
<met_an//cec//funkcje/F142013.png, id=359, 722.7pt x 722.7pt>
File: met_an//cec//funkcje/F142013.png Graphic file (type png)
<use met_an//cec//funkcje/F142013.png>
Package pdftex.def Info: met_an//cec//funkcje/F142013.png  used on input line 161.
(pdftex.def)             Requested size: 195.0pt x 194.99927pt.
 [27 <./met_an//cec//funkcje/F132013.png> <./met_an//cec//funkcje/F132013_rec.png>]
<met_an//cec//funkcje/F142013_rec.png, id=368, 1445.4pt x 867.24pt>
File: met_an//cec//funkcje/F142013_rec.png Graphic file (type png)
<use met_an//cec//funkcje/F142013_rec.png>
Package pdftex.def Info: met_an//cec//funkcje/F142013_rec.png  used on input line 166.
(pdftex.def)             Requested size: 585.0pt x 350.9921pt.
<met_an//cec//funkcje/F152013.png, id=369, 722.7pt x 722.7pt>
File: met_an//cec//funkcje/F152013.png Graphic file (type png)
<use met_an//cec//funkcje/F152013.png>
Package pdftex.def Info: met_an//cec//funkcje/F152013.png  used on input line 173.
(pdftex.def)             Requested size: 195.0pt x 194.99927pt.
 [28 <./met_an//cec//funkcje/F142013.png> <./met_an//cec//funkcje/F142013_rec.png>]
<met_an//cec//funkcje/F152013_rec.png, id=378, 1445.4pt x 867.24pt>
File: met_an//cec//funkcje/F152013_rec.png Graphic file (type png)
<use met_an//cec//funkcje/F152013_rec.png>
Package pdftex.def Info: met_an//cec//funkcje/F152013_rec.png  used on input line 178.
(pdftex.def)             Requested size: 585.0pt x 350.9921pt.
<met_an//cec//funkcje/F162013.png, id=379, 722.7pt x 722.7pt>
File: met_an//cec//funkcje/F162013.png Graphic file (type png)
<use met_an//cec//funkcje/F162013.png>
Package pdftex.def Info: met_an//cec//funkcje/F162013.png  used on input line 185.
(pdftex.def)             Requested size: 195.0pt x 194.99927pt.
 [29 <./met_an//cec//funkcje/F152013.png> <./met_an//cec//funkcje/F152013_rec.png>]
<met_an//cec//funkcje/F162013_rec.png, id=388, 1445.4pt x 867.24pt>
File: met_an//cec//funkcje/F162013_rec.png Graphic file (type png)
<use met_an//cec//funkcje/F162013_rec.png>
Package pdftex.def Info: met_an//cec//funkcje/F162013_rec.png  used on input line 190.
(pdftex.def)             Requested size: 585.0pt x 350.9921pt.
<met_an//cec//funkcje/F172013.png, id=389, 722.7pt x 722.7pt>
File: met_an//cec//funkcje/F172013.png Graphic file (type png)
<use met_an//cec//funkcje/F172013.png>
Package pdftex.def Info: met_an//cec//funkcje/F172013.png  used on input line 197.
(pdftex.def)             Requested size: 195.0pt x 194.99927pt.
 [30 <./met_an//cec//funkcje/F162013.png> <./met_an//cec//funkcje/F162013_rec.png>]
<met_an//cec//funkcje/F172013_rec.png, id=399, 1445.4pt x 867.24pt>
File: met_an//cec//funkcje/F172013_rec.png Graphic file (type png)
<use met_an//cec//funkcje/F172013_rec.png>
Package pdftex.def Info: met_an//cec//funkcje/F172013_rec.png  used on input line 202.
(pdftex.def)             Requested size: 585.0pt x 350.9921pt.
<met_an//cec//funkcje/F182013.png, id=400, 722.7pt x 722.7pt>
File: met_an//cec//funkcje/F182013.png Graphic file (type png)
<use met_an//cec//funkcje/F182013.png>
Package pdftex.def Info: met_an//cec//funkcje/F182013.png  used on input line 209.
(pdftex.def)             Requested size: 195.0pt x 194.99927pt.
 [31 <./met_an//cec//funkcje/F172013.png> <./met_an//cec//funkcje/F172013_rec.png>]
<met_an//cec//funkcje/F182013_rec.png, id=409, 1445.4pt x 867.24pt>
File: met_an//cec//funkcje/F182013_rec.png Graphic file (type png)
<use met_an//cec//funkcje/F182013_rec.png>
Package pdftex.def Info: met_an//cec//funkcje/F182013_rec.png  used on input line 214.
(pdftex.def)             Requested size: 585.0pt x 350.9921pt.
<met_an//cec//funkcje/F192013.png, id=410, 722.7pt x 722.7pt>
File: met_an//cec//funkcje/F192013.png Graphic file (type png)
<use met_an//cec//funkcje/F192013.png>
Package pdftex.def Info: met_an//cec//funkcje/F192013.png  used on input line 221.
(pdftex.def)             Requested size: 195.0pt x 194.99927pt.
 [32 <./met_an//cec//funkcje/F182013.png> <./met_an//cec//funkcje/F182013_rec.png>]
<met_an//cec//funkcje/F192013_rec.png, id=419, 1445.4pt x 867.24pt>
File: met_an//cec//funkcje/F192013_rec.png Graphic file (type png)
<use met_an//cec//funkcje/F192013_rec.png>
Package pdftex.def Info: met_an//cec//funkcje/F192013_rec.png  used on input line 226.
(pdftex.def)             Requested size: 585.0pt x 350.9921pt.
<met_an//cec//funkcje/F202013.png, id=420, 722.7pt x 722.7pt>
File: met_an//cec//funkcje/F202013.png Graphic file (type png)
<use met_an//cec//funkcje/F202013.png>
Package pdftex.def Info: met_an//cec//funkcje/F202013.png  used on input line 233.
(pdftex.def)             Requested size: 195.0pt x 194.99927pt.
 [33 <./met_an//cec//funkcje/F192013.png> <./met_an//cec//funkcje/F192013_rec.png>]
<met_an//cec//funkcje/F202013_rec.png, id=429, 1445.4pt x 867.24pt>
File: met_an//cec//funkcje/F202013_rec.png Graphic file (type png)
<use met_an//cec//funkcje/F202013_rec.png>
Package pdftex.def Info: met_an//cec//funkcje/F202013_rec.png  used on input line 238.
(pdftex.def)             Requested size: 585.0pt x 350.9921pt.
<met_an//cec//funkcje/F212013.png, id=430, 722.7pt x 722.7pt>
File: met_an//cec//funkcje/F212013.png Graphic file (type png)
<use met_an//cec//funkcje/F212013.png>
Package pdftex.def Info: met_an//cec//funkcje/F212013.png  used on input line 245.
(pdftex.def)             Requested size: 195.0pt x 194.99927pt.
 [34 <./met_an//cec//funkcje/F202013.png> <./met_an//cec//funkcje/F202013_rec.png>]
<met_an//cec//funkcje/F212013_rec.png, id=439, 1445.4pt x 867.24pt>
File: met_an//cec//funkcje/F212013_rec.png Graphic file (type png)
<use met_an//cec//funkcje/F212013_rec.png>
Package pdftex.def Info: met_an//cec//funkcje/F212013_rec.png  used on input line 250.
(pdftex.def)             Requested size: 585.0pt x 350.9921pt.
<met_an//cec//funkcje/F222013.png, id=440, 722.7pt x 722.7pt>
File: met_an//cec//funkcje/F222013.png Graphic file (type png)
<use met_an//cec//funkcje/F222013.png>
Package pdftex.def Info: met_an//cec//funkcje/F222013.png  used on input line 257.
(pdftex.def)             Requested size: 195.0pt x 194.99927pt.
 [35 <./met_an//cec//funkcje/F212013.png> <./met_an//cec//funkcje/F212013_rec.png>]
<met_an//cec//funkcje/F222013_rec.png, id=449, 1445.4pt x 867.24pt>
File: met_an//cec//funkcje/F222013_rec.png Graphic file (type png)
<use met_an//cec//funkcje/F222013_rec.png>
Package pdftex.def Info: met_an//cec//funkcje/F222013_rec.png  used on input line 262.
(pdftex.def)             Requested size: 585.0pt x 350.9921pt.
<met_an//cec//funkcje/F232013.png, id=450, 722.7pt x 722.7pt>
File: met_an//cec//funkcje/F232013.png Graphic file (type png)
<use met_an//cec//funkcje/F232013.png>
Package pdftex.def Info: met_an//cec//funkcje/F232013.png  used on input line 269.
(pdftex.def)             Requested size: 195.0pt x 194.99927pt.
 [36 <./met_an//cec//funkcje/F222013.png> <./met_an//cec//funkcje/F222013_rec.png>]
<met_an//cec//funkcje/F232013_rec.png, id=460, 1445.4pt x 867.24pt>
File: met_an//cec//funkcje/F232013_rec.png Graphic file (type png)
<use met_an//cec//funkcje/F232013_rec.png>
Package pdftex.def Info: met_an//cec//funkcje/F232013_rec.png  used on input line 274.
(pdftex.def)             Requested size: 585.0pt x 350.9921pt.
<met_an//cec//funkcje/F242013.png, id=461, 722.7pt x 722.7pt>
File: met_an//cec//funkcje/F242013.png Graphic file (type png)
<use met_an//cec//funkcje/F242013.png>
Package pdftex.def Info: met_an//cec//funkcje/F242013.png  used on input line 281.
(pdftex.def)             Requested size: 195.0pt x 194.99927pt.
 [37 <./met_an//cec//funkcje/F232013.png> <./met_an//cec//funkcje/F232013_rec.png>]
<met_an//cec//funkcje/F242013_rec.png, id=470, 1445.4pt x 867.24pt>
File: met_an//cec//funkcje/F242013_rec.png Graphic file (type png)
<use met_an//cec//funkcje/F242013_rec.png>
Package pdftex.def Info: met_an//cec//funkcje/F242013_rec.png  used on input line 286.
(pdftex.def)             Requested size: 585.0pt x 350.9921pt.
<met_an//cec//funkcje/F252013.png, id=471, 722.7pt x 722.7pt>
File: met_an//cec//funkcje/F252013.png Graphic file (type png)
<use met_an//cec//funkcje/F252013.png>
Package pdftex.def Info: met_an//cec//funkcje/F252013.png  used on input line 293.
(pdftex.def)             Requested size: 195.0pt x 194.99927pt.
 [38 <./met_an//cec//funkcje/F242013.png> <./met_an//cec//funkcje/F242013_rec.png>]
<met_an//cec//funkcje/F252013_rec.png, id=480, 1445.4pt x 867.24pt>
File: met_an//cec//funkcje/F252013_rec.png Graphic file (type png)
<use met_an//cec//funkcje/F252013_rec.png>
Package pdftex.def Info: met_an//cec//funkcje/F252013_rec.png  used on input line 298.
(pdftex.def)             Requested size: 585.0pt x 350.9921pt.
<met_an//cec//funkcje/F262013.png, id=481, 722.7pt x 722.7pt>
File: met_an//cec//funkcje/F262013.png Graphic file (type png)
<use met_an//cec//funkcje/F262013.png>
Package pdftex.def Info: met_an//cec//funkcje/F262013.png  used on input line 305.
(pdftex.def)             Requested size: 195.0pt x 194.99927pt.
 [39 <./met_an//cec//funkcje/F252013.png> <./met_an//cec//funkcje/F252013_rec.png>]
<met_an//cec//funkcje/F262013_rec.png, id=490, 1445.4pt x 867.24pt>
File: met_an//cec//funkcje/F262013_rec.png Graphic file (type png)
<use met_an//cec//funkcje/F262013_rec.png>
Package pdftex.def Info: met_an//cec//funkcje/F262013_rec.png  used on input line 310.
(pdftex.def)             Requested size: 585.0pt x 350.9921pt.
<met_an//cec//funkcje/F272013.png, id=491, 722.7pt x 722.7pt>
File: met_an//cec//funkcje/F272013.png Graphic file (type png)
<use met_an//cec//funkcje/F272013.png>
Package pdftex.def Info: met_an//cec//funkcje/F272013.png  used on input line 317.
(pdftex.def)             Requested size: 195.0pt x 194.99927pt.
 [40 <./met_an//cec//funkcje/F262013.png> <./met_an//cec//funkcje/F262013_rec.png>]
<met_an//cec//funkcje/F272013_rec.png, id=500, 1445.4pt x 867.24pt>
File: met_an//cec//funkcje/F272013_rec.png Graphic file (type png)
<use met_an//cec//funkcje/F272013_rec.png>
Package pdftex.def Info: met_an//cec//funkcje/F272013_rec.png  used on input line 322.
(pdftex.def)             Requested size: 585.0pt x 350.9921pt.
<met_an//cec//funkcje/F282013.png, id=501, 722.7pt x 722.7pt>
File: met_an//cec//funkcje/F282013.png Graphic file (type png)
<use met_an//cec//funkcje/F282013.png>
Package pdftex.def Info: met_an//cec//funkcje/F282013.png  used on input line 329.
(pdftex.def)             Requested size: 195.0pt x 194.99927pt.
 [41 <./met_an//cec//funkcje/F272013.png> <./met_an//cec//funkcje/F272013_rec.png>]
<met_an//cec//funkcje/F282013_rec.png, id=510, 1445.4pt x 867.24pt>
File: met_an//cec//funkcje/F282013_rec.png Graphic file (type png)
<use met_an//cec//funkcje/F282013_rec.png>
Package pdftex.def Info: met_an//cec//funkcje/F282013_rec.png  used on input line 334.
(pdftex.def)             Requested size: 585.0pt x 350.9921pt.
) (met_an/net/wyniki.tex
<met_an//net//graphs/1.png, id=511, 1078.0275pt x 427.5975pt>
File: met_an//net//graphs/1.png Graphic file (type png)
<use met_an//net//graphs/1.png>
Package pdftex.def Info: met_an//net//graphs/1.png  used on input line 3.
(pdftex.def)             Requested size: 390.0pt x 154.69183pt.
 [42 <./met_an//cec//funkcje/F282013.png> <./met_an//cec//funkcje/F282013_rec.png>]) (porownanie.tex) [43 <./met_an//net//graphs/1.png>]
Rozdzia\l  5.
(podsumowanie/wyniki.tex
Overfull \hbox (33.75272pt too wide) in paragraph at lines 6--7
[]\T1/cmr/m/n/12 Poniewa» L-BFGS-B wy-ª¡cz-nie aprok-sy-muje he-sjan, im wi¦-cej "szu-mów"posiada
 []

) (podsumowanie/cele.tex) (podsumowanie/sequelbait.tex [44

]) [45] (biblio.tex
Overfull \hbox (9.78424pt too wide) in paragraph at lines 2--3
[][]$\T1/cmtt/m/n/12 https : / / optimization . cbe . cornell . edu / index . php ? title = AdaGrad$[] 
 []


Overfull \hbox (40.6517pt too wide) in paragraph at lines 3--4
[][]$\T1/cmtt/m/n/12 https : / / en . wikipedia . org / wiki / Stochastic _ gradient _ descent # AdaGrad$[] 
 []


Overfull \hbox (3.61075pt too wide) in paragraph at lines 4--5
[][]$\T1/cmtt/m/n/12 https : / / docs . pytorch . org / docs / stable / generated / torch . optim .
 []


Overfull \hbox (22.13123pt too wide) in paragraph at lines 5--6
[][]$\T1/cmtt/m/n/12 https : / / en . wikipedia . org / wiki / Stochastic _ gradient _ descent # Adam$[] 
 []


Overfull \hbox (4.61075pt too wide) in paragraph at lines 6--7
[][]$\T1/cmtt/m/n/12 https : / / www . geeksforgeeks . org / deep-[]learning / adam-[]optimizer/$[] 
 []


Overfull \hbox (46.8252pt too wide) in paragraph at lines 9--10
[][]$\T1/cmtt/m/n/12 https : / / esezam . okno . pw . edu . pl / mod / book / view . php ? id = 1245 & chapterid =
 []


Overfull \hbox (35.47821pt too wide) in paragraph at lines 10--11
[][]$\T1/cmtt/m/n/12 https : / / www . researchgate . net / publication / 353782316 _ NL-[]SHADE-[]RSP _
 []


Overfull \hbox (3.61075pt too wide) in paragraph at lines 10--11
\T1/cmtt/m/n/12 Algorithm _ with _ Adaptive _ Archive _ and _ Selective _ Pressure _ for _
 []


Overfull \hbox (22.13123pt too wide) in paragraph at lines 10--11
\T1/cmtt/m/n/12 CEC _ 2021 _ Numerical _ Optimization / link / 6226e6573c53d31ba4b03f4a /
 []


Overfull \hbox (213.50949pt too wide) in paragraph at lines 10--11
\T1/cmtt/m/n/12 download ? _tp = eyJjb250ZXh0Ijp7ImZpcnN0UGFnZSI6InB1YmxpY2F0aW9uIiwicGFnZSI6InB1YmxpY2F0aW9uIn19$[] 
 []

) [46

]
Rozdzia\l  6.
(zalaczniki.tex) [47

] (main.aux)
 ***********
LaTeX2e <2025-11-01>
L3 programming layer <2025-12-24>
 ***********
Package rerunfilecheck Info: File `main.out' has not changed.
(rerunfilecheck)             Checksum: 3923250C447F304EA0EE39222505EFD9;3811.
 ) 
Here is how much of TeX's memory you used:
 13054 strings out of 467870
 227270 string characters out of 5414483
 621712 words of memory out of 5000000
 41583 multiletter control sequences out of 15000+600000
 638966 words of font info for 63 fonts, out of 8000000 for 9000
 1141 hyphenation exceptions out of 8191
 75i,6n,79p,497b,582s stack positions out of 10000i,1000n,20000p,200000b,200000s
 <C:\Users\m3.brzezinski\AppData\Local\MiKTeX\fonts/pk/ljfour/jknappen/ec/dpi600\ectt1200.pk> <C:\Users\m3.brzezinski\AppData\Local\MiKTeX\fonts/pk/ljfour/jknappen/ec/dpi600\tcrm1200.pk> <C:\Users\m3.brzezinski\AppData\Local\MiKTeX\fonts/pk/ljfour/jknappen/ec/dpi600\ecbx1440.pk> <C:\Users\m3.brzezinski\AppData\Local\MiKTeX\fonts/pk/ljfour/jknappen/ec/dpi600\ecbx1728.pk> <C:\Users\m3.brzezinski\AppData\Local\MiKTeX\fonts/pk/ljfour/jknappen/ec/dpi600\ecbx1200.pk> <C:\Users\m3.brzezinski\AppData\Local\MiKTeX\fonts/pk/ljfour/jknappen/ec/dpi600\ecrm1200.pk> <C:\Users\m3.brzezinski\AppData\Local\MiKTeX\fonts/pk/ljfour/jknappen/ec/dpi600\ecbx2488.pk> <C:\Users\m3.brzezinski\AppData\Local\MiKTeX\fonts/pk/ljfour/jknappen/ec/dpi600\ecrm1440.pk> <C:\Users\m3.brzezinski\AppData\Local\MiKTeX\fonts/pk/ljfour/jknappen/ec/dpi600\ecrm2074.pk><C:/Users/m3.brzezinski/AppData/Local/Programs/MiKTeX/fonts/type1/public/amsfonts/cm/cmex10.pfb><C:/Users/m3.brzezinski/AppData/Local/Programs/MiKTeX/fonts/type1/public/amsfonts/cm/cmmi12.pfb><C:/Users/m3.brzezinski/AppData/Local/Programs/MiKTeX/fonts/type1/public/amsfonts/cm/cmmi6.pfb><C:/Users/m3.brzezinski/AppData/Local/Programs/MiKTeX/fonts/type1/public/amsfonts/cm/cmmi8.pfb><C:/Users/m3.brzezinski/AppData/Local/Programs/MiKTeX/fonts/type1/public/amsfonts/cm/cmr12.pfb><C:/Users/m3.brzezinski/AppData/Local/Programs/MiKTeX/fonts/type1/public/amsfonts/cm/cmr6.pfb><C:/Users/m3.brzezinski/AppData/Local/Programs/MiKTeX/fonts/type1/public/amsfonts/cm/cmr8.pfb><C:/Users/m3.brzezinski/AppData/Local/Programs/MiKTeX/fonts/type1/public/amsfonts/cm/cmsy10.pfb><C:/Users/m3.brzezinski/AppData/Local/Programs/MiKTeX/fonts/type1/public/amsfonts/cm/cmsy8.pfb>
Output written on main.pdf (48 pages, 46991955 bytes).
PDF statistics:
 1000 PDF objects out of 1000 (max. 8388607)
 138 named destinations out of 1000 (max. 500000)
 533 words of extra memory for PDF output out of 10000 (max. 10000000)

