\BOOKMARK [1][-]{chapter*.2}{\376\377\000S\000t\000r\000e\000s\000z\000c\000z\000e\000n\000i\000e}{}% 1
\BOOKMARK [0][-]{chapter.1}{\376\377\000W\000s\000t\001\031\000p}{}% 2
\BOOKMARK [1][-]{section.1.1}{\376\377\000C\000e\000l\000\040\000i\000\040\000z\000a\000k\000r\000e\000s\000\040\000p\000r\000a\000c\000y}{chapter.1}% 3
\BOOKMARK [0][-]{chapter.2}{\376\377\000A\000l\000g\000o\000r\000y\000t\000m\000y}{}% 4
\BOOKMARK [1][-]{section.2.1}{\376\377\000G\000r\000a\000d\000i\000e\000n\000t\000o\000w\000e}{chapter.2}% 5
\BOOKMARK [2][-]{subsection.2.1.1}{\376\377\000A\000d\000a\000G\000r\000a\000d}{section.2.1}% 6
\BOOKMARK [2][-]{subsection.2.1.2}{\376\377\000A\000d\000a\000m}{section.2.1}% 7
\BOOKMARK [2][-]{subsection.2.1.3}{\376\377\000L\000-\000B\000F\000G\000S\000-\000B}{section.2.1}% 8
\BOOKMARK [1][-]{section.2.2}{\376\377\000G\000l\000o\000b\000a\000l\000n\000e}{chapter.2}% 9
\BOOKMARK [2][-]{subsection.2.2.1}{\376\377\000C\000M\000A\000E\000S}{section.2.2}% 10
\BOOKMARK [2][-]{subsection.2.2.2}{\376\377\000N\000L\000-\000S\000H\000A\000D\000E\000-\000R\000S\000P\000-\000M\000I\000D}{section.2.2}% 11
\BOOKMARK [0][-]{chapter.3}{\376\377\000S\000p\000o\000s\000o\000b\000y\000\040\000a\000n\000a\000l\000i\000z\000y}{}% 12
\BOOKMARK [1][-]{section.3.1}{\376\377\000M\000e\000t\000o\000d\000y\000\040\000t\000e\000s\000t\000o\000w\000a\000n\000i\000a}{chapter.3}% 13
\BOOKMARK [1][-]{section.3.2}{\376\377\000B\000e\000n\000c\000h\000m\000a\000r\000k\000i\000\040\000C\000E\000C}{chapter.3}% 14
\BOOKMARK [2][-]{subsection.3.2.1}{\376\377\000O\000p\000i\000s\000\040\000p\000r\000o\000b\000l\000e\000m\000u}{section.3.2}% 15
\BOOKMARK [2][-]{subsection.3.2.2}{\376\377\000I\000m\000p\000l\000e\000m\000e\000n\000t\000a\000c\000j\000a}{section.3.2}% 16
\BOOKMARK [1][-]{section.3.3}{\376\377\000S\000i\000e\000c\000i\000\040\000n\000e\000u\000r\000o\000n\000o\000w\000e}{chapter.3}% 17
\BOOKMARK [2][-]{subsection.3.3.1}{\376\377\000O\000p\000i\000s\000\040\000p\000r\000o\000b\000l\000e\000m\000u}{section.3.3}% 18
\BOOKMARK [2][-]{subsection.3.3.2}{\376\377\000I\000m\000p\000l\000e\000m\000e\000n\000t\000a\000c\000j\000a}{section.3.3}% 19
\BOOKMARK [0][-]{chapter.4}{\376\377\000W\000y\000n\000i\000k\000i\000\040\000e\000k\000s\000p\000e\000r\000y\000m\000e\000n\000t\000\363\000w}{}% 20
\BOOKMARK [1][-]{section.4.1}{\376\377\000W\000y\000n\000i\000k\000i\000\040\000d\000l\000a\000\040\000b\000e\000n\000c\000h\000m\000a\000r\000k\000\363\000w\000\040\000C\000E\000C}{chapter.4}% 21
\BOOKMARK [1][-]{section.4.2}{\376\377\000W\000y\000n\000i\000k\000i\000\040\000d\000l\000a\000\040\000s\000i\000e\000c\000i\000\040\000n\000e\000u\000r\000o\000n\000o\000w\000y\000c\000h}{chapter.4}% 22
\BOOKMARK [1][-]{section.4.3}{\376\377\000P\000o\000r\000\363\000w\000n\000a\000n\000i\000e\000\040\000w\000y\000n\000i\000k\000\363\000w}{chapter.4}% 23
\BOOKMARK [0][-]{chapter.5}{\376\377\000P\000o\000d\000s\000u\000m\000o\000w\000a\000n\000i\000e\000\040\000i\000\040\000w\000n\000i\000o\000s\000k\000i}{}% 24
\BOOKMARK [1][-]{section.5.1}{\376\377\000P\000o\000d\000s\000u\000m\000o\000w\000a\000n\000i\000e\000\040\000w\000n\000i\000o\000s\000k\000\363\000w\000\040\000o\000b\000u\000\040\000s\000p\000o\000s\000o\000b\000\363\000w}{chapter.5}% 25
\BOOKMARK [1][-]{section.5.2}{\376\377\000O\000s\000i\001\005\000g\000n\000i\001\031\000t\000e\000\040\000c\000e\000l\000e}{chapter.5}% 26
\BOOKMARK [1][-]{section.5.3}{\376\377\000K\000i\000e\000r\000u\000n\000k\000i\000\040\000d\000a\000l\000s\000z\000e\000g\000o\000\040\000r\000o\000z\000w\000o\000j\000u}{chapter.5}% 27
\BOOKMARK [1][-]{chapter*.63}{\376\377\000B\000i\000b\000l\000i\000o\000g\000r\000a\000f\000i\000a}{chapter.5}% 28
\BOOKMARK [0][-]{chapter.6}{\376\377\000Z\000a\001\102\001\005\000c\000z\000n\000i\000k\000i}{}% 29
